<?xml version="1.0" encoding="UTF-8"?>
<coverage generated="1673638821626" clover="3.2.0">
  <project timestamp="1673638821626" name="All files">
    <metrics statements="44" coveredstatements="39" conditionals="18" coveredconditionals="12" methods="15" coveredmethods="9" elements="77" coveredelements="60" complexity="0" loc="44" ncloc="44" packages="3" files="5" classes="5"/>
    <package name="components">
      <metrics statements="22" coveredstatements="21" conditionals="10" coveredconditionals="7" methods="5" coveredmethods="5"/>
      <file name="Header.js" path="C:\Users\PC\Documents\myapps\DigiFem\components\Header.js">
        <metrics statements="5" coveredstatements="5" conditionals="0" coveredconditionals="0" methods="1" coveredmethods="1"/>
        <line num="5" count="1" type="stmt"/>
        <line num="24" count="1" type="stmt"/>
        <line num="25" count="1" type="stmt"/>
        <line num="27" count="1" type="stmt"/>
        <line num="28" count="1" type="stmt"/>
      </file>
      <file name="MovementListItem.js" path="C:\Users\PC\Documents\myapps\DigiFem\components\MovementListItem.js">
        <metrics statements="9" coveredstatements="8" conditionals="7" coveredconditionals="5" methods="2" coveredmethods="2"/>
        <line num="13" count="1" type="stmt"/>
        <line num="55" count="1" type="cond" truecount="0" falsecount="1"/>
        <line num="56" count="2" type="cond" truecount="3" falsecount="1"/>
        <line num="57" count="0" type="stmt"/>
        <line num="59" count="2" type="stmt"/>
        <line num="60" count="2" type="stmt"/>
        <line num="62" count="2" type="cond" truecount="2" falsecount="0"/>
        <line num="68" count="2" type="stmt"/>
        <line num="72" count="2" type="stmt"/>
      </file>
      <file name="TotalPointsCard.js" path="C:\Users\PC\Documents\myapps\DigiFem\components\TotalPointsCard.js">
        <metrics statements="8" coveredstatements="8" conditionals="3" coveredconditionals="2" methods="2" coveredmethods="2"/>
        <line num="6" count="1" type="stmt"/>
        <line num="56" count="1" type="stmt"/>
        <line num="57" count="1" type="stmt"/>
        <line num="59" count="1" type="cond" truecount="1" falsecount="0"/>
        <line num="60" count="1" type="stmt"/>
        <line num="65" count="1" type="stmt"/>
        <line num="66" count="1" type="stmt"/>
        <line num="68" count="1" type="stmt"/>
      </file>
    </package>
    <package name="components.utils">
      <metrics statements="12" coveredstatements="8" conditionals="2" coveredconditionals="0" methods="7" coveredmethods="1"/>
      <file name="index.js" path="C:\Users\PC\Documents\myapps\DigiFem\components\utils\index.js">
        <metrics statements="12" coveredstatements="8" conditionals="2" coveredconditionals="0" methods="7" coveredmethods="1"/>
        <line num="1" count="2" type="stmt"/>
        <line num="2" count="3" type="stmt"/>
        <line num="3" count="3" type="stmt"/>
        <line num="4" count="3" type="stmt"/>
        <line num="8" count="3" type="stmt"/>
        <line num="11" count="2" type="stmt"/>
        <line num="12" count="0" type="stmt"/>
        <line num="13" count="0" type="cond" truecount="0" falsecount="2"/>
        <line num="19" count="2" type="stmt"/>
        <line num="20" count="0" type="stmt"/>
        <line num="23" count="2" type="stmt"/>
        <line num="24" count="0" type="stmt"/>
      </file>
    </package>
    <package name="screens">
      <metrics statements="10" coveredstatements="10" conditionals="6" coveredconditionals="5" methods="3" coveredmethods="3"/>
      <file name="DetailScreen.js" path="C:\Users\PC\Documents\myapps\DigiFem\screens\DetailScreen.js">
        <metrics statements="10" coveredstatements="10" conditionals="6" coveredconditionals="5" methods="3" coveredmethods="3"/>
        <line num="15" count="1" type="stmt"/>
        <line num="103" count="1" type="stmt"/>
        <line num="105" count="1" type="stmt"/>
        <line num="106" count="2" type="cond" truecount="4" falsecount="0"/>
        <line num="107" count="1" type="stmt"/>
        <line num="113" count="1" type="stmt"/>
        <line num="120" count="1" type="stmt"/>
        <line num="121" count="1" type="stmt"/>
        <line num="123" count="1" type="stmt"/>
        <line num="154" count="1" type="stmt"/>
      </file>
    </package>
  </project>
</coverage>
