<?xml version="1.0" encoding="UTF-8"?>
<coverage generated="1673642212441" clover="3.2.0">
  <project timestamp="1673642212441" name="All files">
    <metrics statements="22" coveredstatements="18" conditionals="8" coveredconditionals="5" methods="10" coveredmethods="4" elements="40" coveredelements="27" complexity="0" loc="22" ncloc="22" packages="2" files="2" classes="2"/>
    <package name="components.utils">
      <metrics statements="12" coveredstatements="8" conditionals="2" coveredconditionals="0" methods="7" coveredmethods="1"/>
      <file name="index.js" path="C:\Users\PC\Documents\myapps\DigiFem\components\utils\index.js">
        <metrics statements="12" coveredstatements="8" conditionals="2" coveredconditionals="0" methods="7" coveredmethods="1"/>
        <line num="1" count="1" type="stmt"/>
        <line num="2" count="1" type="stmt"/>
        <line num="3" count="1" type="stmt"/>
        <line num="4" count="1" type="stmt"/>
        <line num="8" count="1" type="stmt"/>
        <line num="11" count="1" type="stmt"/>
        <line num="12" count="0" type="stmt"/>
        <line num="13" count="0" type="cond" truecount="0" falsecount="2"/>
        <line num="19" count="1" type="stmt"/>
        <line num="20" count="0" type="stmt"/>
        <line num="23" count="1" type="stmt"/>
        <line num="24" count="0" type="stmt"/>
      </file>
    </package>
    <package name="screens">
      <metrics statements="10" coveredstatements="10" conditionals="6" coveredconditionals="5" methods="3" coveredmethods="3"/>
      <file name="DetailScreen.js" path="C:\Users\PC\Documents\myapps\DigiFem\screens\DetailScreen.js">
        <metrics statements="10" coveredstatements="10" conditionals="6" coveredconditionals="5" methods="3" coveredmethods="3"/>
        <line num="15" count="1" type="stmt"/>
        <line num="103" count="1" type="stmt"/>
        <line num="105" count="1" type="stmt"/>
        <line num="106" count="3" type="cond" truecount="4" falsecount="0"/>
        <line num="107" count="2" type="stmt"/>
        <line num="113" count="1" type="stmt"/>
        <line num="120" count="1" type="stmt"/>
        <line num="121" count="1" type="stmt"/>
        <line num="123" count="1" type="stmt"/>
        <line num="154" count="1" type="stmt"/>
      </file>
    </package>
  </project>
</coverage>
