{"C:\\Users\\PC\\Documents\\myapps\\DigiFem\\components\\MovementListItem.js": {"path":"C:\\Users\\PC\\Documents\\myapps\\DigiFem\\components\\MovementListItem.js","statementMap":{"0":{"start":{"line":13,"column":15},"end":{"line":53,"column":2}},"1":{"start":{"line":55,"column":25},"end":{"line":105,"column":1}},"2":{"start":{"line":56,"column":4},"end":{"line":58,"column":5}},"3":{"start":{"line":57,"column":8},"end":{"line":57,"column":20}},"4":{"start":{"line":59,"column":63},"end":{"line":59,"column":74}},"5":{"start":{"line":60,"column":25},"end":{"line":60,"column":43}},"6":{"start":{"line":62,"column":8},"end":{"line":66,"column":9}},"7":{"start":{"line":68,"column":4},"end":{"line":104,"column":6}},"8":{"start":{"line":72,"column":16},"end":{"line":74,"column":18}}},"fnMap":{"0":{"name":"(anonymous_0)","decl":{"start":{"line":55,"column":25},"end":{"line":55,"column":26}},"loc":{"start":{"line":55,"column":61},"end":{"line":105,"column":1}},"line":55},"1":{"name":"(anonymous_1)","decl":{"start":{"line":71,"column":21},"end":{"line":71,"column":22}},"loc":{"start":{"line":72,"column":16},"end":{"line":74,"column":18}},"line":72}},"branchMap":{"0":{"loc":{"start":{"line":55,"column":27},"end":{"line":55,"column":43}},"type":"default-arg","locations":[{"start":{"line":55,"column":41},"end":{"line":55,"column":43}}],"line":55},"1":{"loc":{"start":{"line":56,"column":4},"end":{"line":58,"column":5}},"type":"if","locations":[{"start":{"line":56,"column":4},"end":{"line":58,"column":5}},{"start":{},"end":{}}],"line":56},"2":{"loc":{"start":{"line":56,"column":8},"end":{"line":56,"column":61}},"type":"binary-expr","locations":[{"start":{"line":56,"column":8},"end":{"line":56,"column":20}},{"start":{"line":56,"column":24},"end":{"line":56,"column":61}}],"line":56},"3":{"loc":{"start":{"line":62,"column":8},"end":{"line":66,"column":9}},"type":"cond-expr","locations":[{"start":{"line":63,"column":12},"end":{"line":63,"column":72}},{"start":{"line":65,"column":12},"end":{"line":65,"column":72}}],"line":62}},"s":{"0":1,"1":1,"2":2,"3":0,"4":2,"5":2,"6":2,"7":2,"8":0},"f":{"0":2,"1":0},"b":{"0":[0],"1":[0,2],"2":[2,2],"3":[1,1]},"_coverageSchema":"1a1c01bbd47fc00a2c39e90264f33305004495a9","hash":"bd1b5d9f9e1a93e0df15500c3ce6690c4b78fada"}
,"C:\\Users\\PC\\Documents\\myapps\\DigiFem\\components\\Movements.js": {"path":"C:\\Users\\PC\\Documents\\myapps\\DigiFem\\components\\Movements.js","statementMap":{"0":{"start":{"line":6,"column":15},"end":{"line":29,"column":2}},"1":{"start":{"line":31,"column":16},"end":{"line":31,"column":36}},"2":{"start":{"line":33,"column":18},"end":{"line":61,"column":1}},"3":{"start":{"line":34,"column":4},"end":{"line":60,"column":6}},"4":{"start":{"line":46,"column":20},"end":{"line":55,"column":22}},"5":{"start":{"line":57,"column":38},"end":{"line":57,"column":56}}},"fnMap":{"0":{"name":"(anonymous_0)","decl":{"start":{"line":33,"column":18},"end":{"line":33,"column":19}},"loc":{"start":{"line":33,"column":53},"end":{"line":61,"column":1}},"line":33},"1":{"name":"(anonymous_1)","decl":{"start":{"line":45,"column":28},"end":{"line":45,"column":29}},"loc":{"start":{"line":45,"column":42},"end":{"line":56,"column":17}},"line":45},"2":{"name":"(anonymous_2)","decl":{"start":{"line":57,"column":30},"end":{"line":57,"column":31}},"loc":{"start":{"line":57,"column":38},"end":{"line":57,"column":56}},"line":57}},"branchMap":{"0":{"loc":{"start":{"line":33,"column":21},"end":{"line":33,"column":34}},"type":"default-arg","locations":[{"start":{"line":33,"column":32},"end":{"line":33,"column":34}}],"line":33},"1":{"loc":{"start":{"line":38,"column":13},"end":{"line":40,"column":20}},"type":"cond-expr","locations":[{"start":{"line":39,"column":16},"end":{"line":39,"column":64}},{"start":{"line":40,"column":16},"end":{"line":40,"column":20}}],"line":38},"2":{"loc":{"start":{"line":38,"column":13},"end":{"line":38,"column":61}},"type":"binary-expr","locations":[{"start":{"line":38,"column":13},"end":{"line":38,"column":35}},{"start":{"line":38,"column":39},"end":{"line":38,"column":61}}],"line":38}},"s":{"0":1,"1":1,"2":1,"3":2,"4":2,"5":3},"f":{"0":2,"1":2,"2":3},"b":{"0":[1],"1":[1,1],"2":[2,1]},"_coverageSchema":"1a1c01bbd47fc00a2c39e90264f33305004495a9","hash":"c3535ffec18f1b8ccd1929c3f2e447df3e8ca065"}
,"C:\\Users\\PC\\Documents\\myapps\\DigiFem\\components\\utils\\index.js": {"path":"C:\\Users\\PC\\Documents\\myapps\\DigiFem\\components\\utils\\index.js","statementMap":{"0":{"start":{"line":1,"column":23},"end":{"line":9,"column":1}},"1":{"start":{"line":2,"column":25},"end":{"line":2,"column":39}},"2":{"start":{"line":3,"column":17},"end":{"line":3,"column":43}},"3":{"start":{"line":4,"column":21},"end":{"line":7,"column":6}},"4":{"start":{"line":8,"column":4},"end":{"line":8,"column":34}},"5":{"start":{"line":11,"column":30},"end":{"line":17,"column":1}},"6":{"start":{"line":12,"column":4},"end":{"line":16,"column":10}},"7":{"start":{"line":13,"column":8},"end":{"line":15,"column":38}},"8":{"start":{"line":19,"column":32},"end":{"line":21,"column":1}},"9":{"start":{"line":20,"column":4},"end":{"line":20,"column":73}},"10":{"start":{"line":20,"column":40},"end":{"line":20,"column":71}},"11":{"start":{"line":23,"column":33},"end":{"line":25,"column":1}},"12":{"start":{"line":24,"column":4},"end":{"line":24,"column":74}},"13":{"start":{"line":24,"column":40},"end":{"line":24,"column":72}}},"fnMap":{"0":{"name":"(anonymous_0)","decl":{"start":{"line":1,"column":23},"end":{"line":1,"column":24}},"loc":{"start":{"line":1,"column":31},"end":{"line":9,"column":1}},"line":1},"1":{"name":"(anonymous_1)","decl":{"start":{"line":11,"column":30},"end":{"line":11,"column":31}},"loc":{"start":{"line":11,"column":43},"end":{"line":17,"column":1}},"line":11},"2":{"name":"(anonymous_2)","decl":{"start":{"line":12,"column":28},"end":{"line":12,"column":29}},"loc":{"start":{"line":12,"column":49},"end":{"line":16,"column":5}},"line":12},"3":{"name":"(anonymous_3)","decl":{"start":{"line":19,"column":32},"end":{"line":19,"column":33}},"loc":{"start":{"line":19,"column":45},"end":{"line":21,"column":1}},"line":19},"4":{"name":"(anonymous_4)","decl":{"start":{"line":20,"column":28},"end":{"line":20,"column":29}},"loc":{"start":{"line":20,"column":40},"end":{"line":20,"column":71}},"line":20},"5":{"name":"(anonymous_5)","decl":{"start":{"line":23,"column":33},"end":{"line":23,"column":34}},"loc":{"start":{"line":23,"column":46},"end":{"line":25,"column":1}},"line":23},"6":{"name":"(anonymous_6)","decl":{"start":{"line":24,"column":28},"end":{"line":24,"column":29}},"loc":{"start":{"line":24,"column":40},"end":{"line":24,"column":72}},"line":24}},"branchMap":{"0":{"loc":{"start":{"line":13,"column":15},"end":{"line":15,"column":37}},"type":"cond-expr","locations":[{"start":{"line":14,"column":14},"end":{"line":14,"column":37}},{"start":{"line":15,"column":14},"end":{"line":15,"column":37}}],"line":13}},"s":{"0":1,"1":2,"2":2,"3":2,"4":2,"5":1,"6":0,"7":0,"8":1,"9":0,"10":0,"11":1,"12":0,"13":0},"f":{"0":2,"1":0,"2":0,"3":0,"4":0,"5":0,"6":0},"b":{"0":[0,0]},"_coverageSchema":"1a1c01bbd47fc00a2c39e90264f33305004495a9","hash":"6e90e1a8039f97d88330ba5448e386a1dabe51c4"}
}
