TN:
SF:components\utils\index.js
FN:1,(anonymous_0)
FN:11,(anonymous_1)
FN:12,(anonymous_2)
FN:19,(anonymous_3)
FN:20,(anonymous_4)
FN:23,(anonymous_5)
FN:24,(anonymous_6)
FNF:7
FNH:1
FNDA:1,(anonymous_0)
FNDA:0,(anonymous_1)
FNDA:0,(anonymous_2)
FNDA:0,(anonymous_3)
FNDA:0,(anonymous_4)
FNDA:0,(anonymous_5)
FNDA:0,(anonymous_6)
DA:1,1
DA:2,1
DA:3,1
DA:4,1
DA:8,1
DA:11,1
DA:12,0
DA:13,0
DA:19,1
DA:20,0
DA:23,1
DA:24,0
LF:12
LH:8
BRDA:13,0,0,0
BRDA:13,0,1,0
BRF:2
BRH:0
end_of_record
TN:
SF:screens\DetailScreen.js
FN:105,(anonymous_0)
FN:113,(anonymous_1)
FN:154,(anonymous_2)
FNF:3
FNH:3
FNDA:3,(anonymous_0)
FNDA:1,(anonymous_1)
FNDA:1,(anonymous_2)
DA:15,1
DA:103,1
DA:105,1
DA:106,3
DA:107,2
DA:113,1
DA:120,1
DA:121,1
DA:123,1
DA:154,1
LF:10
LH:10
BRDA:40,0,0,0
BRDA:40,0,1,1
BRDA:106,1,0,2
BRDA:106,1,1,1
BRDA:106,2,0,3
BRDA:106,2,1,1
BRF:6
BRH:5
end_of_record
