TN:
SF:components\MovementListItem.js
FN:55,(anonymous_0)
FN:71,(anonymous_1)
FNF:2
FNH:1
FNDA:2,(anonymous_0)
FNDA:0,(anonymous_1)
DA:13,1
DA:55,1
DA:56,2
DA:57,0
DA:59,2
DA:60,2
DA:62,2
DA:68,2
DA:72,0
LF:9
LH:7
BRDA:55,0,0,0
BRDA:56,1,0,0
BRDA:56,1,1,2
BRDA:56,2,0,2
BRDA:56,2,1,2
BRDA:62,3,0,1
BRDA:62,3,1,1
BRF:7
BRH:5
end_of_record
TN:
SF:components\Movements.js
FN:33,(anonymous_0)
FN:45,(anonymous_1)
FN:57,(anonymous_2)
FNF:3
FNH:3
FNDA:2,(anonymous_0)
FNDA:2,(anonymous_1)
FNDA:3,(anonymous_2)
DA:6,1
DA:31,1
DA:33,1
DA:34,2
DA:46,2
DA:57,3
LF:6
LH:6
BRDA:33,0,0,1
BRDA:38,1,0,1
BRDA:38,1,1,1
BRDA:38,2,0,2
BRDA:38,2,1,1
BRF:5
BRH:5
end_of_record
TN:
SF:components\utils\index.js
FN:1,(anonymous_0)
FN:11,(anonymous_1)
FN:12,(anonymous_2)
FN:19,(anonymous_3)
FN:20,(anonymous_4)
FN:23,(anonymous_5)
FN:24,(anonymous_6)
FNF:7
FNH:1
FNDA:2,(anonymous_0)
FNDA:0,(anonymous_1)
FNDA:0,(anonymous_2)
FNDA:0,(anonymous_3)
FNDA:0,(anonymous_4)
FNDA:0,(anonymous_5)
FNDA:0,(anonymous_6)
DA:1,1
DA:2,2
DA:3,2
DA:4,2
DA:8,2
DA:11,1
DA:12,0
DA:13,0
DA:19,1
DA:20,0
DA:23,1
DA:24,0
LF:12
LH:8
BRDA:13,0,0,0
BRDA:13,0,1,0
BRF:2
BRH:0
end_of_record
